C:\USERS\登志一\ONEDRIVE\〔コースウェア〕\〔インタラクティブCGプログラミング実習〕\PROGRAM\ICG_KYOZAIPROJECTS\CHAOS01\DEBUG\CHAOS01.OBJ
C:\Users\登志一\OneDrive\〔コースウェア〕\〔インタラクティブCGプログラミング実習〕\Program\iCG_KyozaiProjects\chaos01\Debug\cl.command.1.tlog
C:\Users\登志一\OneDrive\〔コースウェア〕\〔インタラクティブCGプログラミング実習〕\Program\iCG_KyozaiProjects\chaos01\Debug\CL.read.1.tlog
C:\Users\登志一\OneDrive\〔コースウェア〕\〔インタラクティブCGプログラミング実習〕\Program\iCG_KyozaiProjects\chaos01\Debug\CL.write.1.tlog
C:\USERS\登志一\ONEDRIVE\〔コースウェア〕\〔インタラクティブCGプログラミング実習〕\PROGRAM\ICG_KYOZAIPROJECTS\CHAOS01\DEBUG\GLSAMPLE_FRAMELV1.EXE
C:\USERS\登志一\ONEDRIVE\〔コースウェア〕\〔インタラクティブCGプログラミング実習〕\PROGRAM\ICG_KYOZAIPROJECTS\CHAOS01\DEBUG\GLSAMPLE_FRAMELV1.EXE.EMBED.MANIFEST
C:\USERS\登志一\ONEDRIVE\〔コースウェア〕\〔インタラクティブCGプログラミング実習〕\PROGRAM\ICG_KYOZAIPROJECTS\CHAOS01\DEBUG\GLSAMPLE_FRAMELV1.EXE.EMBED.MANIFEST.RES
C:\USERS\登志一\ONEDRIVE\〔コースウェア〕\〔インタラクティブCGプログラミング実習〕\PROGRAM\ICG_KYOZAIPROJECTS\CHAOS01\DEBUG\GLSAMPLE_FRAMELV1.EXE.INTERMEDIATE.MANIFEST
C:\USERS\登志一\ONEDRIVE\〔コースウェア〕\〔インタラクティブCGプログラミング実習〕\PROGRAM\ICG_KYOZAIPROJECTS\CHAOS01\DEBUG\GLSAMPLE_FRAMELV1.ILK
C:\USERS\登志一\ONEDRIVE\〔コースウェア〕\〔インタラクティブCGプログラミング実習〕\PROGRAM\ICG_KYOZAIPROJECTS\CHAOS01\DEBUG\GLSAMPLE_FRAMELV1.PDB
C:\Users\登志一\OneDrive\〔コースウェア〕\〔インタラクティブCGプログラミング実習〕\Program\iCG_KyozaiProjects\chaos01\Debug\glsample_frameLv1.write.1.tlog
C:\Users\登志一\OneDrive\〔コースウェア〕\〔インタラクティブCGプログラミング実習〕\Program\iCG_KyozaiProjects\chaos01\Debug\glsample_frameLv1_manifest.rc
C:\Users\登志一\OneDrive\〔コースウェア〕\〔インタラクティブCGプログラミング実習〕\Program\iCG_KyozaiProjects\chaos01\Debug\link.6404.read.1.tlog
C:\Users\登志一\OneDrive\〔コースウェア〕\〔インタラクティブCGプログラミング実習〕\Program\iCG_KyozaiProjects\chaos01\Debug\link.6404.write.1.tlog
C:\Users\登志一\OneDrive\〔コースウェア〕\〔インタラクティブCGプログラミング実習〕\Program\iCG_KyozaiProjects\chaos01\Debug\link.6404-cvtres.read.1.tlog
C:\Users\登志一\OneDrive\〔コースウェア〕\〔インタラクティブCGプログラミング実習〕\Program\iCG_KyozaiProjects\chaos01\Debug\link.6404-cvtres.write.1.tlog
C:\Users\登志一\OneDrive\〔コースウェア〕\〔インタラクティブCGプログラミング実習〕\Program\iCG_KyozaiProjects\chaos01\Debug\link.command.1.tlog
C:\Users\登志一\OneDrive\〔コースウェア〕\〔インタラクティブCGプログラミング実習〕\Program\iCG_KyozaiProjects\chaos01\Debug\link.read.1.tlog
C:\Users\登志一\OneDrive\〔コースウェア〕\〔インタラクティブCGプログラミング実習〕\Program\iCG_KyozaiProjects\chaos01\Debug\link.write.1.tlog
C:\Users\登志一\OneDrive\〔コースウェア〕\〔インタラクティブCGプログラミング実習〕\Program\iCG_KyozaiProjects\chaos01\Debug\link-cvtres.read.1.tlog
C:\Users\登志一\OneDrive\〔コースウェア〕\〔インタラクティブCGプログラミング実習〕\Program\iCG_KyozaiProjects\chaos01\Debug\link-cvtres.write.1.tlog
C:\Users\登志一\OneDrive\〔コースウェア〕\〔インタラクティブCGプログラミング実習〕\Program\iCG_KyozaiProjects\chaos01\Debug\mt.command.1.tlog
C:\Users\登志一\OneDrive\〔コースウェア〕\〔インタラクティブCGプログラミング実習〕\Program\iCG_KyozaiProjects\chaos01\Debug\mt.read.1.tlog
C:\Users\登志一\OneDrive\〔コースウェア〕\〔インタラクティブCGプログラミング実習〕\Program\iCG_KyozaiProjects\chaos01\Debug\mt.write.1.tlog
C:\Users\登志一\OneDrive\〔コースウェア〕\〔インタラクティブCGプログラミング実習〕\Program\iCG_KyozaiProjects\chaos01\Debug\rc.command.1.tlog
C:\Users\登志一\OneDrive\〔コースウェア〕\〔インタラクティブCGプログラミング実習〕\Program\iCG_KyozaiProjects\chaos01\Debug\rc.read.1.tlog
C:\Users\登志一\OneDrive\〔コースウェア〕\〔インタラクティブCGプログラミング実習〕\Program\iCG_KyozaiProjects\chaos01\Debug\rc.write.1.tlog
C:\Users\登志一\OneDrive\〔コースウェア〕\〔インタラクティブCGプログラミング実習〕\Program\iCG_KyozaiProjects\chaos01\Debug\vc100.idb
C:\USERS\登志一\ONEDRIVE\〔コースウェア〕\〔インタラクティブCGプログラミング実習〕\PROGRAM\ICG_KYOZAIPROJECTS\CHAOS01\DEBUG\VC100.PDB
