C:\USERS\登志一\ONEDRIVE\〔コースウェア〕\〔インタラクティブCGプログラミング実習〕\PROGRAM\ICG_KYOZAIPROJECTS\CHAOS03\DEBUG\CHAOS02.OBJ
C:\Users\登志一\OneDrive\〔コースウェア〕\〔インタラクティブCGプログラミング実習〕\Program\iCG_KyozaiProjects\chaos03\Debug\cl.command.1.tlog
C:\Users\登志一\OneDrive\〔コースウェア〕\〔インタラクティブCGプログラミング実習〕\Program\iCG_KyozaiProjects\chaos03\Debug\CL.read.1.tlog
C:\Users\登志一\OneDrive\〔コースウェア〕\〔インタラクティブCGプログラミング実習〕\Program\iCG_KyozaiProjects\chaos03\Debug\CL.write.1.tlog
C:\USERS\登志一\ONEDRIVE\〔コースウェア〕\〔インタラクティブCGプログラミング実習〕\PROGRAM\ICG_KYOZAIPROJECTS\CHAOS03\DEBUG\GLSAMPLE_FRAMELV1.EXE
C:\USERS\登志一\ONEDRIVE\〔コースウェア〕\〔インタラクティブCGプログラミング実習〕\PROGRAM\ICG_KYOZAIPROJECTS\CHAOS03\DEBUG\GLSAMPLE_FRAMELV1.EXE.EMBED.MANIFEST
C:\USERS\登志一\ONEDRIVE\〔コースウェア〕\〔インタラクティブCGプログラミング実習〕\PROGRAM\ICG_KYOZAIPROJECTS\CHAOS03\DEBUG\GLSAMPLE_FRAMELV1.EXE.EMBED.MANIFEST.RES
C:\USERS\登志一\ONEDRIVE\〔コースウェア〕\〔インタラクティブCGプログラミング実習〕\PROGRAM\ICG_KYOZAIPROJECTS\CHAOS03\DEBUG\GLSAMPLE_FRAMELV1.EXE.INTERMEDIATE.MANIFEST
C:\USERS\登志一\ONEDRIVE\〔コースウェア〕\〔インタラクティブCGプログラミング実習〕\PROGRAM\ICG_KYOZAIPROJECTS\CHAOS03\DEBUG\GLSAMPLE_FRAMELV1.ILK
C:\USERS\登志一\ONEDRIVE\〔コースウェア〕\〔インタラクティブCGプログラミング実習〕\PROGRAM\ICG_KYOZAIPROJECTS\CHAOS03\DEBUG\GLSAMPLE_FRAMELV1.PDB
C:\Users\登志一\OneDrive\〔コースウェア〕\〔インタラクティブCGプログラミング実習〕\Program\iCG_KyozaiProjects\chaos03\Debug\glsample_frameLv1.write.1.tlog
C:\Users\登志一\OneDrive\〔コースウェア〕\〔インタラクティブCGプログラミング実習〕\Program\iCG_KyozaiProjects\chaos03\Debug\glsample_frameLv1_manifest.rc
C:\Users\登志一\OneDrive\〔コースウェア〕\〔インタラクティブCGプログラミング実習〕\Program\iCG_KyozaiProjects\chaos03\Debug\glsample6_shading.vcxprojResolveAssemblyReference.cache
C:\Users\登志一\OneDrive\〔コースウェア〕\〔インタラクティブCGプログラミング実習〕\Program\iCG_KyozaiProjects\chaos03\Debug\link.1008.read.1.tlog
C:\Users\登志一\OneDrive\〔コースウェア〕\〔インタラクティブCGプログラミング実習〕\Program\iCG_KyozaiProjects\chaos03\Debug\link.1008.write.1.tlog
C:\Users\登志一\OneDrive\〔コースウェア〕\〔インタラクティブCGプログラミング実習〕\Program\iCG_KyozaiProjects\chaos03\Debug\link.1008-cvtres.read.1.tlog
C:\Users\登志一\OneDrive\〔コースウェア〕\〔インタラクティブCGプログラミング実習〕\Program\iCG_KyozaiProjects\chaos03\Debug\link.1008-cvtres.write.1.tlog
C:\Users\登志一\OneDrive\〔コースウェア〕\〔インタラクティブCGプログラミング実習〕\Program\iCG_KyozaiProjects\chaos03\Debug\link.command.1.tlog
C:\Users\登志一\OneDrive\〔コースウェア〕\〔インタラクティブCGプログラミング実習〕\Program\iCG_KyozaiProjects\chaos03\Debug\link.read.1.tlog
C:\Users\登志一\OneDrive\〔コースウェア〕\〔インタラクティブCGプログラミング実習〕\Program\iCG_KyozaiProjects\chaos03\Debug\link.write.1.tlog
C:\Users\登志一\OneDrive\〔コースウェア〕\〔インタラクティブCGプログラミング実習〕\Program\iCG_KyozaiProjects\chaos03\Debug\link-cvtres.read.1.tlog
C:\Users\登志一\OneDrive\〔コースウェア〕\〔インタラクティブCGプログラミング実習〕\Program\iCG_KyozaiProjects\chaos03\Debug\link-cvtres.write.1.tlog
C:\Users\登志一\OneDrive\〔コースウェア〕\〔インタラクティブCGプログラミング実習〕\Program\iCG_KyozaiProjects\chaos03\Debug\mt.command.1.tlog
C:\Users\登志一\OneDrive\〔コースウェア〕\〔インタラクティブCGプログラミング実習〕\Program\iCG_KyozaiProjects\chaos03\Debug\mt.read.1.tlog
C:\Users\登志一\OneDrive\〔コースウェア〕\〔インタラクティブCGプログラミング実習〕\Program\iCG_KyozaiProjects\chaos03\Debug\mt.write.1.tlog
C:\Users\登志一\OneDrive\〔コースウェア〕\〔インタラクティブCGプログラミング実習〕\Program\iCG_KyozaiProjects\chaos03\Debug\rc.command.1.tlog
C:\Users\登志一\OneDrive\〔コースウェア〕\〔インタラクティブCGプログラミング実習〕\Program\iCG_KyozaiProjects\chaos03\Debug\rc.read.1.tlog
C:\Users\登志一\OneDrive\〔コースウェア〕\〔インタラクティブCGプログラミング実習〕\Program\iCG_KyozaiProjects\chaos03\Debug\rc.write.1.tlog
C:\Users\登志一\OneDrive\〔コースウェア〕\〔インタラクティブCGプログラミング実習〕\Program\iCG_KyozaiProjects\chaos03\Debug\vc100.idb
C:\USERS\登志一\ONEDRIVE\〔コースウェア〕\〔インタラクティブCGプログラミング実習〕\PROGRAM\ICG_KYOZAIPROJECTS\CHAOS03\DEBUG\VC100.PDB
