d:\glsamples202x\mrsample11_zigsim\release\vc143.pdb
d:\glsamples202x\mrsample11_zigsim\release\vector.obj
d:\glsamples202x\mrsample11_zigsim\release\mrsample11_zigsim.obj
d:\glsamples202x\mrsample11_zigsim\release\shapes.obj
d:\glsamples202x\mrsample11_zigsim\release\ezzigsim.obj
d:\glsamples202x\mrsample11_zigsim\release\matrix.obj
f:\glsamples202x\mrsample11_zigsim\release\vc143.pdb
f:\glsamples202x\mrsample11_zigsim\release\vector.obj
f:\glsamples202x\mrsample11_zigsim\release\shapes.obj
f:\glsamples202x\mrsample11_zigsim\release\ezzigsim.obj
f:\glsamples202x\mrsample11_zigsim\release\matrix.obj
d:\glsamples202x\release\mrsample11_zigsim.exe
d:\glsamples202x\release\mrsample11_zigsim.pdb
d:\glsamples202x\mrsample11_zigsim\release\mrsample11_zigsim.ipdb
d:\glsamples202x\mrsample11_zigsim\release\mrsample11_zigsim.iobj
f:\glsamples202x\mrsample11_zigsim\release\mrsample11_zigsim.obj
f:\glsamples202x\mrsample11_zigsim\release\mrsample11_zigsim.ipdb
f:\glsamples202x\mrsample11_zigsim\release\mrsample11_zigsim.iobj
f:\glsamples202x\release\mrsample11_zigsim.pdb
f:\glsamples202x\release\mrsample11_zigsim.exe
f:\glsamples202x\mrsample11_zigsim\release\mrsample.82362aee.tlog\cl.command.1.tlog
f:\glsamples202x\mrsample11_zigsim\release\mrsample.82362aee.tlog\cl.items.tlog
f:\glsamples202x\mrsample11_zigsim\release\mrsample.82362aee.tlog\cl.read.1.tlog
f:\glsamples202x\mrsample11_zigsim\release\mrsample.82362aee.tlog\cl.write.1.tlog
f:\glsamples202x\mrsample11_zigsim\release\mrsample.82362aee.tlog\link.command.1.tlog
f:\glsamples202x\mrsample11_zigsim\release\mrsample.82362aee.tlog\link.read.1.tlog
f:\glsamples202x\mrsample11_zigsim\release\mrsample.82362aee.tlog\link.secondary.1.tlog
f:\glsamples202x\mrsample11_zigsim\release\mrsample.82362aee.tlog\link.write.1.tlog
