C:\USERS\登志一\ONEDRIVE\〔コースウェア〕\▼クリエイティブテクノロジー実習\〔サンプルプログラム集〕\CHAOS\CHAOSX\DEBUG\CHAOS02.OBJ
C:\USERS\登志一\ONEDRIVE\〔コースウェア〕\▼クリエイティブテクノロジー実習\〔サンプルプログラム集〕\CHAOS\CHAOSX\DEBUG\GLSAMPLE_FRAMELV1.EXE
C:\USERS\登志一\ONEDRIVE\〔コースウェア〕\▼クリエイティブテクノロジー実習\〔サンプルプログラム集〕\CHAOS\CHAOSX\DEBUG\GLSAMPLE_FRAMELV1.EXE.EMBED.MANIFEST
C:\USERS\登志一\ONEDRIVE\〔コースウェア〕\▼クリエイティブテクノロジー実習\〔サンプルプログラム集〕\CHAOS\CHAOSX\DEBUG\GLSAMPLE_FRAMELV1.EXE.EMBED.MANIFEST.RES
C:\USERS\登志一\ONEDRIVE\〔コースウェア〕\▼クリエイティブテクノロジー実習\〔サンプルプログラム集〕\CHAOS\CHAOSX\DEBUG\GLSAMPLE_FRAMELV1.EXE.INTERMEDIATE.MANIFEST
C:\USERS\登志一\ONEDRIVE\〔コースウェア〕\▼クリエイティブテクノロジー実習\〔サンプルプログラム集〕\CHAOS\CHAOSX\DEBUG\GLSAMPLE_FRAMELV1.ILK
C:\USERS\登志一\ONEDRIVE\〔コースウェア〕\▼クリエイティブテクノロジー実習\〔サンプルプログラム集〕\CHAOS\CHAOSX\DEBUG\GLSAMPLE_FRAMELV1.PDB
C:\USERS\登志一\ONEDRIVE\〔コースウェア〕\▼クリエイティブテクノロジー実習\〔サンプルプログラム集〕\CHAOS\CHAOSX\DEBUG\VC100.PDB
F:\glsamples202X\chaosX\Debug\chaos02.obj
F:\glsamples202X\chaosX\Debug\cl.command.1.tlog
F:\glsamples202X\chaosX\Debug\CL.read.1.tlog
F:\glsamples202X\chaosX\Debug\CL.write.1.tlog
F:\glsamples202X\chaosX\Debug\glsample_frameLv1.exe
F:\glsamples202X\chaosX\Debug\glsample_frameLv1.exe.embed.manifest
F:\glsamples202X\chaosX\Debug\glsample_frameLv1.exe.embed.manifest.res
F:\glsamples202X\chaosX\Debug\glsample_frameLv1.exe.intermediate.manifest
F:\glsamples202X\chaosX\Debug\glsample_frameLv1.ilk
F:\glsamples202X\chaosX\Debug\glsample_frameLv1.pdb
F:\glsamples202X\chaosX\Debug\glsample_frameLv1.write.1.tlog
F:\glsamples202X\chaosX\Debug\glsample_frameLv1_manifest.rc
F:\glsamples202X\chaosX\Debug\glsample6_shading.vcxprojResolveAssemblyReference.cache
F:\glsamples202X\chaosX\Debug\link.10680.read.1.tlog
F:\glsamples202X\chaosX\Debug\link.10680.write.1.tlog
F:\glsamples202X\chaosX\Debug\link.10680-cvtres.read.1.tlog
F:\glsamples202X\chaosX\Debug\link.10680-cvtres.write.1.tlog
F:\glsamples202X\chaosX\Debug\link.command.1.tlog
F:\glsamples202X\chaosX\Debug\link.read.1.tlog
F:\glsamples202X\chaosX\Debug\link.write.1.tlog
F:\glsamples202X\chaosX\Debug\link-cvtres.read.1.tlog
F:\glsamples202X\chaosX\Debug\link-cvtres.write.1.tlog
F:\glsamples202X\chaosX\Debug\mt.command.1.tlog
F:\glsamples202X\chaosX\Debug\mt.read.1.tlog
F:\glsamples202X\chaosX\Debug\mt.write.1.tlog
F:\glsamples202X\chaosX\Debug\rc.command.1.tlog
F:\glsamples202X\chaosX\Debug\rc.read.1.tlog
F:\glsamples202X\chaosX\Debug\rc.write.1.tlog
F:\glsamples202X\chaosX\Debug\vc100.idb
F:\glsamples202X\chaosX\Debug\vc100.pdb
F:\glsamples202X\chaosX\Debug\vc141.idb
F:\glsamples202X\chaosX\Debug\vc141.pdb
