i:\glsamples202x\mrsample10_sphere\debug\vc143.pdb
i:\glsamples202x\mrsample10_sphere\debug\vc143.idb
i:\glsamples202x\mrsample10_sphere\debug\vector.obj
i:\glsamples202x\mrsample10_sphere\debug\mrsample10_sphere.obj
i:\glsamples202x\mrsample10_sphere\debug\shapes.obj
i:\glsamples202x\mrsample10_sphere\debug\matrix.obj
i:\glsamples202x\debug\mrsample10_sphere.exe
i:\glsamples202x\debug\mrsample10_sphere.pdb
i:\glsamples202x\mrsample10_sphere\debug\mrsample10_sphere.ilk
e:\glsamples202x\mrsample10_sphere\debug\matrix.obj
e:\glsamples202x\mrsample10_sphere\debug\mrsample10_sphere.obj
e:\glsamples202x\mrsample10_sphere\debug\shapes.obj
e:\glsamples202x\mrsample10_sphere\debug\vector.obj
e:\glsamples202x\mrsample10_sphere\debug\mrsample10_sphere.ilk
e:\glsamples202x\mrsample10_sphere\debug\vc143.idb
e:\glsamples202x\mrsample10_sphere\debug\vc143.pdb
e:\glsamples202x\debug\mrsample10_sphere.pdb
e:\glsamples202x\debug\mrsample10_sphere.exe
e:\glsamples202x\mrsample10_sphere\debug\mrsample.7b9064fd.tlog\cl.command.1.tlog
e:\glsamples202x\mrsample10_sphere\debug\mrsample.7b9064fd.tlog\cl.items.tlog
e:\glsamples202x\mrsample10_sphere\debug\mrsample.7b9064fd.tlog\cl.read.1.tlog
e:\glsamples202x\mrsample10_sphere\debug\mrsample.7b9064fd.tlog\cl.write.1.tlog
e:\glsamples202x\mrsample10_sphere\debug\mrsample.7b9064fd.tlog\link.command.1.tlog
e:\glsamples202x\mrsample10_sphere\debug\mrsample.7b9064fd.tlog\link.read.1.tlog
e:\glsamples202x\mrsample10_sphere\debug\mrsample.7b9064fd.tlog\link.secondary.1.tlog
e:\glsamples202x\mrsample10_sphere\debug\mrsample.7b9064fd.tlog\link.write.1.tlog
