f:\onedrive - 学校法人立命館\sync\program\glsamples202x\circle\debug\vc141.pdb
f:\onedrive - 学校法人立命館\sync\program\glsamples202x\circle\debug\vc141.idb
f:\onedrive - 学校法人立命館\sync\program\glsamples202x\circle\debug\webmesh.obj
f:\onedrive - 学校法人立命館\sync\program\glsamples202x\circle\debug\circle.obj
f:\onedrive - 学校法人立命館\sync\program\glsamples202x\debug\circle.ilk
f:\onedrive - 学校法人立命館\sync\program\glsamples202x\debug\circle.exe
f:\onedrive - 学校法人立命館\sync\program\glsamples202x\debug\circle.pdb
f:\glsamples202x\circle\debug\circle.obj
f:\glsamples202x\circle\debug\webmesh.obj
f:\glsamples202x\circle\debug\vc141.idb
f:\glsamples202x\circle\debug\vc141.pdb
f:\glsamples202x\debug\circle.pdb
f:\glsamples202x\debug\circle.exe
f:\glsamples202x\debug\circle.ilk
f:\glsamples202x\circle\debug\circle.tlog\cl.command.1.tlog
f:\glsamples202x\circle\debug\circle.tlog\cl.read.1.tlog
f:\glsamples202x\circle\debug\circle.tlog\cl.write.1.tlog
f:\glsamples202x\circle\debug\circle.tlog\link.command.1.tlog
f:\glsamples202x\circle\debug\circle.tlog\link.read.1.tlog
f:\glsamples202x\circle\debug\circle.tlog\link.write.1.tlog
